<?xml version="1.0" encoding="UTF-8"?>
<!-- Generated by org.testng.reporters.JUnitXMLReporter -->
<testsuite hostname="RU-PC" name="Command line test" tests="6" failures="0" timestamp="31 Oct 2014 09:15:51 GMT" time="0.141" errors="0">
  <testcase name="complextObjectAsJSONTest" time="0.04" classname="com.bitstars.meta.tests.MetaParserTest"/>
  <testcase name="complextObjectAsObjectTest" time="0.071" classname="com.bitstars.meta.tests.MetaParserTest"/>
  <testcase name="simpleObjectAsJSONTest" time="0.01" classname="com.bitstars.meta.tests.MetaParserTest"/>
  <testcase name="simpleObjectAsObjectTest" time="0.0" classname="com.bitstars.meta.tests.MetaParserTest"/>
  <testcase name="subClassOfSimpleObjectAsJSONTest" time="0.0" classname="com.bitstars.meta.tests.MetaParserTest"/>
  <testcase name="subClassOfSimpleObjectAsObjectTest" time="0.0" classname="com.bitstars.meta.tests.MetaParserTest"/>
</testsuite> <!-- Command line test -->
